<?xml version="1.0" encoding="UTF-8"?>
<!-- Generated by org.testng.reporters.JUnitReportReporter -->
<testsuite skipped="0" hostname="Lenovo" name="com.raisin.challenge.EasyAccessOffers" tests="1" failures="0" timestamp="23 Nov 2018 11:18:39 GMT" time="16.609" errors="0">
  <testcase name="EasyAccessTest" time="16.609" classname="com.raisin.challenge.EasyAccessOffers"/>
</testsuite> <!-- com.raisin.challenge.EasyAccessOffers -->
