<?xml version="1.0" encoding="UTF-8"?>
<!-- Generated by org.testng.reporters.JUnitReportReporter -->
<testsuite skipped="0" hostname="Lenovo" name="com.raisin.challenge.RegisterOffer" tests="1" failures="0" timestamp="23 Nov 2018 11:18:39 GMT" time="21.337" errors="0">
  <testcase name="RegisterOffer" time="21.337" classname="com.raisin.challenge.RegisterOffer"/>
</testsuite> <!-- com.raisin.challenge.RegisterOffer -->
