<?xml version="1.0" encoding="UTF-8"?>
<!-- Generated by org.testng.reporters.JUnitReportReporter -->
<testsuite skipped="0" hostname="Lenovo" name="com.raisin.challenge.CheckOutBank" tests="1" failures="0" timestamp="23 Nov 2018 11:18:39 GMT" time="28.242" errors="0">
  <testcase name="CheckOutBank" time="28.242" classname="com.raisin.challenge.CheckOutBank"/>
</testsuite> <!-- com.raisin.challenge.CheckOutBank -->
